Determining if the pthread_create exist failed with the following output:
Change Dir: /home/achliopa/workspace/udemy/udemy_BeginnersROSCourse/mycode/catkin_ws/build/CMakeFiles/CMakeTmp

Run Build Command:"/usr/bin/make" "cmTC_d1017/fast"
/usr/bin/make -f CMakeFiles/cmTC_d1017.dir/build.make CMakeFiles/cmTC_d1017.dir/build
make[1]: Entering directory '/home/achliopa/workspace/udemy/udemy_BeginnersROSCourse/mycode/catkin_ws/build/CMakeFiles/CMakeTmp'
Building C object CMakeFiles/cmTC_d1017.dir/CheckSymbolExists.c.o
/usr/bin/cc    -o CMakeFiles/cmTC_d1017.dir/CheckSymbolExists.c.o   -c /home/achliopa/workspace/udemy/udemy_BeginnersROSCourse/mycode/catkin_ws/build/CMakeFiles/CMakeTmp/CheckSymbolExists.c
Linking C executable cmTC_d1017
/usr/bin/cmake -E cmake_link_script CMakeFiles/cmTC_d1017.dir/link.txt --verbose=1
/usr/bin/cc      -rdynamic CMakeFiles/cmTC_d1017.dir/CheckSymbolExists.c.o  -o cmTC_d1017 
CMakeFiles/cmTC_d1017.dir/CheckSymbolExists.c.o: In function `main':
CheckSymbolExists.c:(.text+0x1b): undefined reference to `pthread_create'
collect2: error: ld returned 1 exit status
CMakeFiles/cmTC_d1017.dir/build.make:97: recipe for target 'cmTC_d1017' failed
make[1]: *** [cmTC_d1017] Error 1
make[1]: Leaving directory '/home/achliopa/workspace/udemy/udemy_BeginnersROSCourse/mycode/catkin_ws/build/CMakeFiles/CMakeTmp'
Makefile:126: recipe for target 'cmTC_d1017/fast' failed
make: *** [cmTC_d1017/fast] Error 2

File /home/achliopa/workspace/udemy/udemy_BeginnersROSCourse/mycode/catkin_ws/build/CMakeFiles/CMakeTmp/CheckSymbolExists.c:
/* */
#include <pthread.h>

int main(int argc, char** argv)
{
  (void)argv;
#ifndef pthread_create
  return ((int*)(&pthread_create))[argc];
#else
  (void)argc;
  return 0;
#endif
}

Determining if the function pthread_create exists in the pthreads failed with the following output:
Change Dir: /home/achliopa/workspace/udemy/udemy_BeginnersROSCourse/mycode/catkin_ws/build/CMakeFiles/CMakeTmp

Run Build Command:"/usr/bin/make" "cmTC_542d1/fast"
/usr/bin/make -f CMakeFiles/cmTC_542d1.dir/build.make CMakeFiles/cmTC_542d1.dir/build
make[1]: Entering directory '/home/achliopa/workspace/udemy/udemy_BeginnersROSCourse/mycode/catkin_ws/build/CMakeFiles/CMakeTmp'
Building C object CMakeFiles/cmTC_542d1.dir/CheckFunctionExists.c.o
/usr/bin/cc   -DCHECK_FUNCTION_EXISTS=pthread_create   -o CMakeFiles/cmTC_542d1.dir/CheckFunctionExists.c.o   -c /usr/share/cmake-3.10/Modules/CheckFunctionExists.c
Linking C executable cmTC_542d1
/usr/bin/cmake -E cmake_link_script CMakeFiles/cmTC_542d1.dir/link.txt --verbose=1
/usr/bin/cc  -DCHECK_FUNCTION_EXISTS=pthread_create    -rdynamic CMakeFiles/cmTC_542d1.dir/CheckFunctionExists.c.o  -o cmTC_542d1 -lpthreads 
/usr/bin/ld: cannot find -lpthreads
collect2: error: ld returned 1 exit status
CMakeFiles/cmTC_542d1.dir/build.make:97: recipe for target 'cmTC_542d1' failed
make[1]: *** [cmTC_542d1] Error 1
make[1]: Leaving directory '/home/achliopa/workspace/udemy/udemy_BeginnersROSCourse/mycode/catkin_ws/build/CMakeFiles/CMakeTmp'
Makefile:126: recipe for target 'cmTC_542d1/fast' failed
make: *** [cmTC_542d1/fast] Error 2


